Using pre-set license

 COMMAND LINE ARGUMENTS:
/Applications/Unity/Hub/Editor/2020.2.1f1/Unity.app/Contents/MacOS/Unity
-adb2
-batchMode
-noUpm
-name
AssetImportWorker0
-projectPath
/Users/nagaohiroki/work/github_actions_test_unity/UnityProject
-logFile
Logs/AssetImportWorker0.log
-srvPort
59323
Successfully changed project path to: /Users/nagaohiroki/work/github_actions_test_unity/UnityProject
/Users/nagaohiroki/work/github_actions_test_unity/UnityProject
Using Asset Import Pipeline V2.
Refreshing native plugins compatible for Editor in 20.66 ms, found 1 plugins.
Preloading 0 native plugins for Editor in 0.00 ms.
Initialize engine version: 2020.2.1f1 (270dd8c3da1c)
[Subsystems] Discovering subsystems at path /Applications/Unity/Hub/Editor/2020.2.1f1/Unity.app/Contents/Resources/UnitySubsystems
[Subsystems] Discovering subsystems at path /Users/nagaohiroki/work/github_actions_test_unity/UnityProject/Assets
GfxDevice: creating device client; threaded=0
2021-01-03 11:16:51.225 Unity[44367:2338183] (null) preferred device: Apple M1 (high power)
2021-01-03 11:16:51.242 Unity[44367:2338183] Metal devices available: 1
2021-01-03 11:16:51.262 Unity[44367:2338183] 0: Apple M1 (high power)
2021-01-03 11:16:51.281 Unity[44367:2338183] Using device Apple M1 (high power)
Initializing Metal device caps: Apple M1
Initialize mono
Mono path[0] = '/Applications/Unity/Hub/Editor/2020.2.1f1/Unity.app/Contents/Managed'
Mono path[1] = '/Applications/Unity/Hub/Editor/2020.2.1f1/Unity.app/Contents/MonoBleedingEdge/lib/mono/unityjit'
Mono config path = '/Applications/Unity/Hub/Editor/2020.2.1f1/Unity.app/Contents/MonoBleedingEdge/etc'
Using monoOptions --debugger-agent=transport=dt_socket,embedding=1,server=y,suspend=n,address=127.0.0.1:56367
Begin MonoManager ReloadAssembly
Registering precompiled unity dll's ...
Register platform support module: /Applications/Unity/Hub/Editor/2020.2.1f1/PlaybackEngines/WebGLSupport/UnityEditor.WebGL.Extensions.dll
Register platform support module: /Applications/Unity/Hub/Editor/2020.2.1f1/Unity.app/Contents/PlaybackEngines/MacStandaloneSupport/UnityEditor.OSXStandalone.Extensions.dll
Register platform support module: /Applications/Unity/Hub/Editor/2020.2.1f1/PlaybackEngines/WindowsStandaloneSupport/UnityEditor.WindowsStandalone.Extensions.dll
Registered in 0.000610 seconds.
Native extension for WindowsStandalone target not found
Native extension for OSXStandalone target not found
Native extension for WebGL target not found
Refreshing native plugins compatible for Editor in 20.85 ms, found 1 plugins.
Preloading 0 native plugins for Editor in 0.00 ms.
Invoked RoslynAnalysisRunner static constructor.
RoslynAnalysisRunner will not be running.
RoslynAnalysisRunner has terminated.
Mono: successfully reloaded assembly
- Completed reload, in  2.188 seconds
Platform modules already initialized, skipping
Registering precompiled user dll's ...
Registered in 0.000214 seconds.
Begin MonoManager ReloadAssembly
Native extension for WindowsStandalone target not found
Native extension for OSXStandalone target not found
Native extension for WebGL target not found
Refreshing native plugins compatible for Editor in 0.16 ms, found 1 plugins.
Preloading 0 native plugins for Editor in 0.00 ms.
Invoked RoslynAnalysisRunner static constructor.
RoslynAnalysisRunner will not be running.
RoslynAnalysisRunner has terminated.
Mono: successfully reloaded assembly
- Completed reload, in  1.498 seconds
Platform modules already initialized, skipping
========================================================================
Worker process is ready to serve import requests
Launching external process: /Applications/Unity/Hub/Editor/2020.2.1f1/Unity.app/Contents/Tools/UnityShaderCompiler
Launched and connected shader compiler UnityShaderCompiler after 0.03 seconds
Refreshing native plugins compatible for Editor in 0.16 ms, found 1 plugins.
Preloading 0 native plugins for Editor in 0.00 ms.
Unloading 1075 Unused Serialized files (Serialized files now loaded: 0)
System memory in use before: 106.9 MB.
System memory in use after: 106.9 MB.

Unloading 9 unused Assets to reduce memory usage. Loaded Objects now: 1515.
Total: 1.289500 ms (FindLiveObjects: 0.113292 ms CreateObjectMapping: 0.022666 ms MarkObjects: 1.106000 ms  DeleteObjects: 0.046708 ms)

========================================================================
Received Import Request.
  path: Assets/Scenes
  artifactKey: Guid(63cfb5a309b01fd40a86994a20850f97) Importer(815301076,1909f56bfc062723c751e8b465ee728b)
Start importing Assets/Scenes using Guid(63cfb5a309b01fd40a86994a20850f97) Importer(815301076,1909f56bfc062723c751e8b465ee728b)  -> (artifact id: 'd0147f605a454111b772b9d633fff0c0') in 0.005085 seconds
  Import took 0.006606 seconds .

========================================================================
Received Import Request.
  Time since last request: 0.000177 seconds.
  path: Assets/Scenes/aaa.cs
  artifactKey: Guid(e1827c6c8fd673a4086e32d3c219547c) Importer(815301076,1909f56bfc062723c751e8b465ee728b)
Start importing Assets/Scenes/aaa.cs using Guid(e1827c6c8fd673a4086e32d3c219547c) Importer(815301076,1909f56bfc062723c751e8b465ee728b)  -> (artifact id: '1ccbd470d522987ecba5faa5cf150fbd') in 0.184821 seconds
  Import took 0.186061 seconds .

========================================================================
Received Import Request.
  Time since last request: 0.007149 seconds.
  path: Assets/Scenes/SampleScene.unity
  artifactKey: Guid(9fc0d4010bbf28b4594072e72b8655ab) Importer(815301076,1909f56bfc062723c751e8b465ee728b)
Start importing Assets/Scenes/SampleScene.unity using Guid(9fc0d4010bbf28b4594072e72b8655ab) Importer(815301076,1909f56bfc062723c751e8b465ee728b)  -> (artifact id: 'bd8a6c851c01e1c54d3776cffba6bcad') in 0.010816 seconds
  Import took 0.012128 seconds .

========================================================================
Received Import Request.
  Time since last request: 2.992014 seconds.
  path: Assets/Scenes/SampleScene.unity
  artifactKey: Guid(9fc0d4010bbf28b4594072e72b8655ab) Importer(815301076,1909f56bfc062723c751e8b465ee728b)
Start importing Assets/Scenes/SampleScene.unity using Guid(9fc0d4010bbf28b4594072e72b8655ab) Importer(815301076,1909f56bfc062723c751e8b465ee728b)  -> (artifact id: 'bd8a6c851c01e1c54d3776cffba6bcad') in 0.001227 seconds
  Import took 0.002477 seconds .

========================================================================
Received Prepare
Registering precompiled user dll's ...
Registered in 0.000248 seconds.
Begin MonoManager ReloadAssembly
Native extension for WindowsStandalone target not found
Native extension for OSXStandalone target not found
Native extension for WebGL target not found
Refreshing native plugins compatible for Editor in 0.16 ms, found 1 plugins.
Preloading 0 native plugins for Editor in 0.00 ms.
Invoked RoslynAnalysisRunner static constructor.
RoslynAnalysisRunner will not be running.
RoslynAnalysisRunner has terminated.
Mono: successfully reloaded assembly
- Completed reload, in  1.356 seconds
Platform modules already initialized, skipping
Refreshing native plugins compatible for Editor in 0.09 ms, found 1 plugins.
Preloading 0 native plugins for Editor in 0.00 ms.
Unloading 1069 Unused Serialized files (Serialized files now loaded: 0)
System memory in use before: 111.3 MB.
System memory in use after: 111.4 MB.

Unloading 4 unused Assets to reduce memory usage. Loaded Objects now: 1517.
Total: 1.244042 ms (FindLiveObjects: 0.097458 ms CreateObjectMapping: 0.029458 ms MarkObjects: 1.102208 ms  DeleteObjects: 0.014250 ms)

